Added Net: Name=+5V
Added Net: Name=3V3
Added Net: Name=A0
Added Net: Name=A1
Added Net: Name=A2
Added Net: Name=A3
Added Net: Name=D2
Added Net: Name=D3
Added Net: Name=D4
Added Net: Name=D5
Added Net: Name=D6
Added Net: Name=D7
Added Net: Name=D8
Added Net: Name=D9
Added Net: Name=D10
Added Net: Name=D+
Added Net: Name=D-
Added Net: Name=EGPIO0
Added Net: Name=ERXD
Added Net: Name=ETXD
Added Net: Name=GND
Added Net: Name=MISO
Added Net: Name=MOSI
Added Net: Name=NetC1_2
Added Net: Name=NetC7_2
Added Net: Name=NetC8_2
Added Net: Name=NetC9_2
Added Net: Name=NetLED1_1
Added Net: Name=NetLED2_2
Added Net: Name=NetLED3_2
Added Net: Name=NetR2_2
Added Net: Name=NetR3_2
Added Net: Name=NetR4_1
Added Net: Name=NetR5_1
Added Net: Name=NetR6_1
Added Net: Name=NetR7_1
Added Net: Name=NetR8_2
Added Net: Name=RXI
Added Net: Name=SCLK
Added Net: Name=TXO
Added Net: Name=UVCC
Added Net: Name=VCC
Added Class: Name=rubber ducky
Added Room: Name=rubber ducky
